<?xml version="1.0" encoding="UTF-8"?>
<testng-results skipped="0" failed="0" ignored="0" total="1" passed="1">
  <reporter-output>
  </reporter-output>
  <suite name="Suite" duration-ms="22817" started-at="2020-09-09T06:04:58Z" finished-at="2020-09-09T06:05:21Z">
    <groups>
    </groups>
    <test name="Test" duration-ms="22817" started-at="2020-09-09T06:04:58Z" finished-at="2020-09-09T06:05:21Z">
      <class name="tests.TestSampleFrameWork">
        <test-method status="PASS" signature="openApp()[pri:0, instance:tests.TestSampleFrameWork@5faeada1]" name="openApp" is-config="true" duration-ms="14491" started-at="2020-09-09T06:04:58Z" finished-at="2020-09-09T06:05:12Z">
          <reporter-output>
          </reporter-output>
        </test-method> <!-- openApp -->
        <test-method status="PASS" signature="submit()[pri:0, instance:tests.TestSampleFrameWork@5faeada1]" name="submit" duration-ms="8209" started-at="2020-09-09T06:05:12Z" finished-at="2020-09-09T06:05:21Z">
          <reporter-output>
          </reporter-output>
        </test-method> <!-- submit -->
        <test-method status="PASS" signature="closeApp()[pri:0, instance:tests.TestSampleFrameWork@5faeada1]" name="closeApp" is-config="true" duration-ms="1" started-at="2020-09-09T06:05:21Z" finished-at="2020-09-09T06:05:21Z">
          <reporter-output>
          </reporter-output>
        </test-method> <!-- closeApp -->
      </class> <!-- tests.TestSampleFrameWork -->
    </test> <!-- Test -->
  </suite> <!-- Suite -->
</testng-results>
